[30.00 - 54.00] Yeah, it's cool, I was looking for a place to do things, but do we have a lot of girlfriends?
[54.00 - 56.00] I don't know, maybe I just belong here.
[84.00 - 86.00] I don't know, maybe I just belong here.
[114.00 - 116.00] I don't know, maybe I just belong here.
[144.00 - 146.00] I don't know, maybe I just belong here.
[174.00 - 176.00] I don't know, maybe I just belong here.
[204.00 - 206.00] I don't know, maybe I just belong here.
[234.00 - 236.00] I don't know, maybe I just belong here.
[264.00 - 266.00] I don't know, maybe I just belong here.
[294.00 - 296.00] I don't know, maybe I just belong here.
[324.00 - 326.00] I don't know, maybe I just belong here.
[354.00 - 356.00] I don't know, maybe I just belong here.
[384.00 - 386.00] I don't know, maybe I just belong here.
[414.00 - 416.00] I don't know, maybe I just belong here.
[444.00 - 446.00] I don't know, maybe I just belong here.
[474.00 - 476.00] I don't know, maybe I just belong here.
[504.00 - 506.00] I don't know, maybe I just belong here.
[534.00 - 536.00] I don't know, maybe I just belong here.
[564.00 - 566.00] I don't know, maybe I just belong here.
[594.00 - 596.00] I don't know, maybe I just belong here.
[624.00 - 626.00] I don't know, maybe I just belong here
[654.00 - 656.00] I don't know, maybe I just belong here.
[684.00 - 686.00] I don't know, maybe I just belong here
[714.00 - 716.00] I don't know, maybe I just belong here
[744.00 - 746.00] I don't know, maybe I just belong here
[774.00 - 776.00] Yeah, yeah
[781.00 - 783.00] So I'm gonna, I'm gonna, I'm gonna, uh
[783.00 - 785.00] As soon as I get a confirmation
[785.00 - 787.00] Um, I'm gonna, I'm gonna
[787.00 - 789.00] I'm gonna go to the store
[791.00 - 793.00] So yeah, we're gonna have to like, we're gonna have to do
[793.00 - 796.00] We're gonna have to, like, one day we're gonna have to go
[799.00 - 801.00] Give me a message
[802.00 - 804.00] To both
[804.00 - 806.00] To both places
[806.00 - 808.00] I mean
[808.00 - 810.00] We gotta go take my truck to get to New England
[814.00 - 816.00] Yeah
[820.00 - 823.00] I do, I do, uh, I have to call them and just be like
[823.00 - 825.00] Hey, like, just, my truck is finally done for
[825.00 - 827.00] So I can spray it up
[827.00 - 829.00] You guys are welcome here
[831.00 - 833.00] Yeah
[837.00 - 839.00] I don't, I, I, it doesn't matter
[842.00 - 844.00] It's just a day, man
[844.00 - 846.00] It's just a day
[846.00 - 848.00] I mean, it could be a long day
[848.00 - 850.00] Or we could do it in two days
[850.00 - 852.00] I'd rather just do it in a long day
[852.00 - 854.00] Like, get up there, like
[854.00 - 856.00] Move super forward in the morning
[856.00 - 858.00] Have to touch it, you know what I'm saying
[858.00 - 860.00] Just get out of here
[860.00 - 862.00] Live up there
[862.00 - 864.00] It's a long day, but
[866.00 - 868.00] I'm not, I'm not feeling good
[876.00 - 878.00] So
[878.00 - 880.00] There's something we have to do
[880.00 - 882.00] There's something we have to do
[882.00 - 884.00] So what are you saying?
[884.00 - 887.00] We're gonna tow the truck up to there
[887.00 - 889.00] And then go to Tahoe with a trailer
[889.00 - 891.00] And we're gonna have a trailer attached to it?
[891.00 - 893.00] No
[899.00 - 901.00] Yeah, I just thought it was one day
[901.00 - 903.00] One day we'd be able to touch it
[903.00 - 905.00] Like, get this done
[905.00 - 907.00] Yeah
[917.00 - 919.00] Babe, we'll be fine
[919.00 - 921.00] We'll be fine
[921.00 - 923.00] It's just a long day
[923.00 - 925.00] We just have to go
[925.00 - 927.00] How many hours is it?
[927.00 - 929.00] I don't know, six hours
[929.00 - 931.00] Yeah, maybe six hours
[935.00 - 937.00] Let's talk about it
[937.00 - 939.00] I don't want to do it next week
[939.00 - 941.00] Well, I'm not saying next week
[941.00 - 943.00] But I'm just like
[943.00 - 945.00] It's
[949.00 - 951.00] Okay, that's fine
[951.00 - 953.00] But I just want to get it done
[953.00 - 955.00] Like, because the sooner we get this done
[955.00 - 957.00] Then the sooner I have a car
[957.00 - 959.00] And the sooner I, you know, like
[959.00 - 961.00] Other things can be taken care of
[961.00 - 963.00] You know what I mean?
[963.00 - 965.00] So, um
[965.00 - 967.00] Do you recall that
[967.00 - 969.00] I just
[969.00 - 971.00] What I
[971.00 - 973.00] What I said
[973.00 - 975.00] I don't know
[975.00 - 977.00] As soon as I, because I don't want
[977.00 - 979.00] Something to
[979.00 - 981.00] Pop up with the truck
[981.00 - 983.00] I want to like, hey it's ready
[983.00 - 985.00] Come get it
[985.00 - 987.00] So then I'll call them
[987.00 - 989.00] Because then I know I can get it
[989.00 - 991.00] I just don't want to like
[991.00 - 993.00] You can get a call like, oh
[993.00 - 995.00] Not a lot
[995.00 - 997.00] Because he just called me and I said
[997.00 - 999.00] Oh, hey, did you do this and this
[999.00 - 1001.00] And he's like, oh, let me
[1001.00 - 1003.00] Let me make sure those things have been done
[1003.00 - 1005.00] Right? So like he's calling me
[1005.00 - 1007.00] Basically to tell me the truck's basically done
[1007.00 - 1009.00] But I asked him
[1009.00 - 1011.00] A few questions and he's like, oh, let me check
[1011.00 - 1013.00] And I said, hey dude, you can text me
[1013.00 - 1015.00] If you want to
[1015.00 - 1017.00] Or call, whatever you want
[1017.00 - 1019.00] And he's like, let me do it, I'll go check on that right now
[1019.00 - 1021.00] So, you know
[1021.00 - 1023.00] I just want to make sure
[1023.00 - 1025.00] The truck is complete
[1025.00 - 1027.00] Before
[1027.00 - 1029.00] I like
[1029.00 - 1031.00] The identity
[1031.00 - 1033.00] Because I've already
[1033.00 - 1035.00] Yeah, I've already been back and forth
[1035.00 - 1037.00] Before
[1037.00 - 1039.00] Why didn't you talk to me
[1039.00 - 1041.00] I didn't want to tell you
[1041.00 - 1043.00] It's a really bad idea
[1043.00 - 1045.00] But
[1045.00 - 1047.00] Sometimes you can't
[1047.00 - 1049.00] And
[1049.00 - 1051.00] It can't be any longer than I thought
[1051.00 - 1053.00] And I said, it's fine, it's fine
[1053.00 - 1055.00] It's done
[1055.00 - 1057.00] Yeah
[1057.00 - 1059.00] It's probably already getting
[1059.00 - 1061.00] It's already getting
[1061.00 - 1063.00] It's awesome
[1063.00 - 1065.00] It's all right
[1065.00 - 1067.00] It's all right
[1067.00 - 1069.00] It's all right
[1069.00 - 1071.00] Woohoo
[1071.00 - 1073.00] Oh my god
[1073.00 - 1075.00] No
[1075.00 - 1077.00] I
[1077.00 - 1079.00] I
[1079.00 - 1081.00] I
[1081.00 - 1083.00] I
[1083.00 - 1085.00] I
[1085.00 - 1087.00] I
[1087.00 - 1089.00] I
[1089.00 - 1091.00] I
[1091.00 - 1093.00] I
[1093.00 - 1095.00] I
[1095.00 - 1097.00] I
[1097.00 - 1099.00] I
[1099.00 - 1101.00] I
[1101.00 - 1103.00] I
[1103.00 - 1105.00] I
[1105.00 - 1107.00] I
[1107.00 - 1109.00] I
[1109.00 - 1111.00] I
[1111.00 - 1113.00] I
[1113.00 - 1115.00] I
[1115.00 - 1117.00] I
[1117.00 - 1119.00] I
[1119.00 - 1121.00] I
[1121.00 - 1123.00] I
[1123.00 - 1125.00] I
[1125.00 - 1127.00] I
[1127.00 - 1129.00] I
[1129.00 - 1131.00] I
[1131.00 - 1133.00] I
[1133.00 - 1135.00] I
[1135.00 - 1137.00] I
[1137.00 - 1139.00] I
[1139.00 - 1141.00] I
[1141.00 - 1143.00] I
[1143.00 - 1145.00] I
[1145.00 - 1147.00] I
[1147.00 - 1149.00] I
[1149.00 - 1151.00] I
[1151.00 - 1153.00] I
[1153.00 - 1155.00] I
[1155.00 - 1157.00] I
[1157.00 - 1159.00] I
[1159.00 - 1161.00] I
[1161.00 - 1163.00] I
[1163.00 - 1165.00] I
[1165.00 - 1167.00] I
[1167.00 - 1169.00] I
[1169.00 - 1171.00] I
[1171.00 - 1173.00] I
[1173.00 - 1175.00] I
[1175.00 - 1177.00] I
[1177.00 - 1179.00] I
[1179.00 - 1181.00] I
[1181.00 - 1183.00] I
[1183.00 - 1185.00] I
[1185.00 - 1187.00] I
[1187.00 - 1189.00] I
[1189.00 - 1191.00] I
[1191.00 - 1193.00] I
[1193.00 - 1195.00] I
[1195.00 - 1197.00] I
[1197.00 - 1199.00] I
[1199.00 - 1201.00] I
[1201.00 - 1203.00] I
[1203.00 - 1205.00] I
[1205.00 - 1207.00] I
[1207.00 - 1209.00] I
[1209.00 - 1211.00] I
[1211.00 - 1213.00] I
[1213.00 - 1215.00] I
[1215.00 - 1217.00] I
[1217.00 - 1219.00] I
[1219.00 - 1221.00] I
[1221.00 - 1223.00] I
[1223.00 - 1225.00] I
[1225.00 - 1227.00] I
[1227.00 - 1229.00] I
[1229.00 - 1231.00] I
[1231.00 - 1233.00] I
[1233.00 - 1235.00] I
[1235.00 - 1237.00] I
[1237.00 - 1239.00] I
[1239.00 - 1241.00] I
[1241.00 - 1243.00] I
[1243.00 - 1245.00] I
[1245.00 - 1247.00] I
[1247.00 - 1249.00] I
[1249.00 - 1251.00] I
[1251.00 - 1253.00] I
[1253.00 - 1255.00] I
[1255.00 - 1257.00] I
[1257.00 - 1259.00] I
[1259.00 - 1261.00] I
[1261.00 - 1263.00] I
[1263.00 - 1265.00] I
[1265.00 - 1267.00] I
[1267.00 - 1269.00] I
[1271.00 - 1273.00] I
[1273.00 - 1275.00] I
[1275.00 - 1277.00] I
[1277.00 - 1279.00] I
[1279.00 - 1281.00] I
[1281.00 - 1283.00] I
[1283.00 - 1285.00] I
[1285.00 - 1287.00] I
[1287.00 - 1289.00] I
[1289.00 - 1291.00] I
[1291.00 - 1293.00] I
[1293.00 - 1295.00] I
[1295.00 - 1297.00] I
[1297.00 - 1299.00] I
[1299.00 - 1301.00] I
[1301.00 - 1303.00] I
[1303.00 - 1305.00] I
[1305.00 - 1307.00] I
[1307.00 - 1309.00] I
[1309.00 - 1311.00] I
[1311.00 - 1313.00] I
[1313.00 - 1315.00] I
[1315.00 - 1317.00] I
[1317.00 - 1319.00] I
[1319.00 - 1321.00] I
[1321.00 - 1323.00] I
[1323.00 - 1325.00] I
[1325.00 - 1327.00] I
[1327.00 - 1329.00] I
[1329.00 - 1331.00] I
[1331.00 - 1333.00] I
[1333.00 - 1335.00] I
[1335.00 - 1337.00] I
[1337.00 - 1339.00] I
[1339.00 - 1341.00] I
[1341.00 - 1343.00] I
[1343.00 - 1345.00] I
[1345.00 - 1347.00] I
[1347.00 - 1349.00] I
[1349.00 - 1351.00] I
[1351.00 - 1353.00] I
[1353.00 - 1355.00] I
[1355.00 - 1357.00] I
[1357.00 - 1359.00] I
[1359.00 - 1361.00] I
[1361.00 - 1363.00] I
[1363.00 - 1365.00] I
[1365.00 - 1367.00] I
[1367.00 - 1369.00] I
[1369.00 - 1371.00] I
[1371.00 - 1373.00] I
[1373.00 - 1375.00] I
[1375.00 - 1377.00] I
[1377.00 - 1379.00] I
[1379.00 - 1381.00] I
[1381.00 - 1383.00] I
[1383.00 - 1385.00] I
[1385.00 - 1387.00] I
[1387.00 - 1389.00] I
[1389.00 - 1391.00] I
[1391.00 - 1393.00] I
[1393.00 - 1395.00] I
[1395.00 - 1397.00] I
[1399.00 - 1401.00] I
[1401.00 - 1403.00] I
[1403.00 - 1405.00] I
[1405.00 - 1407.00] I
[1407.00 - 1409.00] I
[1409.00 - 1411.00] I
[1411.00 - 1413.00] I
[1413.00 - 1415.00] I
[1415.00 - 1417.00] I
[1417.00 - 1419.00] I
[1419.00 - 1421.00] I
[1421.00 - 1423.00] I
[1423.00 - 1425.00] I
[1425.00 - 1427.00] I
[1427.00 - 1429.00] I
[1429.00 - 1431.00] I
[1431.00 - 1433.00] I
[1433.00 - 1435.00] I
[1437.00 - 1439.00] I
[1439.00 - 1441.00] I
[1441.00 - 1443.00] I
[1443.00 - 1445.00] I
[1445.00 - 1447.00] I
[1447.00 - 1449.00] I
[1449.00 - 1451.00] I
[1451.00 - 1453.00] I
[1453.00 - 1455.00] I
[1455.00 - 1457.00] I
[1457.00 - 1459.00] I
[1459.00 - 1461.00] I
[1461.00 - 1463.00] I
[1463.00 - 1465.00] I
[1465.00 - 1467.00] I
[1467.00 - 1469.00] I
[1469.00 - 1471.00] I
[1471.00 - 1473.00] I
[1473.00 - 1475.00] I
[1475.00 - 1477.00] I
[1477.00 - 1479.00] I
[1479.00 - 1481.00] I
[1481.00 - 1483.00] I
[1483.00 - 1485.00] I
[1485.00 - 1487.00] I
[1487.00 - 1489.00] I
[1489.00 - 1491.00] I
[1491.00 - 1493.00] I
[1493.00 - 1495.00] I
[1495.00 - 1497.00] I
[1497.00 - 1499.00] I
[1499.00 - 1501.00] I
[1501.00 - 1503.00] I
[1503.00 - 1505.00] I
[1505.00 - 1507.00] I
[1507.00 - 1509.00] I
[1509.00 - 1511.00] I
[1511.00 - 1513.00] I
[1513.00 - 1515.00] I
[1515.00 - 1517.00] I
[1519.00 - 1521.00] I
[1521.00 - 1523.00] I
[1523.00 - 1525.00] I
[1525.00 - 1527.00] I
[1527.00 - 1529.00] I
[1529.00 - 1531.00] I
[1531.00 - 1533.00] I
[1533.00 - 1535.00] I
[1535.00 - 1537.00] I
[1537.00 - 1539.00] I
[1539.00 - 1541.00] I
[1541.00 - 1543.00] I
[1543.00 - 1545.00] I
[1545.00 - 1547.00] I
[1547.00 - 1549.00] I
[1551.00 - 1553.00] I
[1553.00 - 1555.00] I
[1555.00 - 1557.00] I
[1557.00 - 1559.00] I
[1559.00 - 1561.00] I
[1561.00 - 1563.00] I
[1563.00 - 1565.00] I
[1565.00 - 1567.00] I
[1567.00 - 1569.00] I
[1569.00 - 1571.00] I
[1571.00 - 1573.00] I
[1573.00 - 1575.00] I
[1575.00 - 1577.00] I
[1577.00 - 1579.00] I
[1579.00 - 1581.00] I
[1581.00 - 1583.00] I
[1583.00 - 1585.00] I
[1585.00 - 1587.00] I
[1587.00 - 1589.00] I
[1589.00 - 1591.00] I
[1591.00 - 1593.00] I
[1593.00 - 1595.00] I
[1595.00 - 1597.00] I
[1597.00 - 1599.00] I
[1603.00 - 1605.00] I
[1605.00 - 1607.00] I
[1607.00 - 1609.00] I
[1609.00 - 1611.00] I
[1611.00 - 1613.00] I
[1613.00 - 1615.00] I
[1615.00 - 1617.00] I
[1617.00 - 1619.00] I
[1619.00 - 1621.00] I
[1621.00 - 1623.00] I
[1623.00 - 1625.00] I
[1625.00 - 1627.00] I
[1627.00 - 1629.00] I
[1629.00 - 1631.00] I
[1631.00 - 1633.00] I
[1633.00 - 1635.00] I
[1635.00 - 1637.00] I
[1637.00 - 1639.00] I
[1639.00 - 1641.00] I
[1641.00 - 1643.00] I
[1643.00 - 1645.00] I
[1645.00 - 1647.00] I
[1647.00 - 1649.00] I
[1649.00 - 1651.00] I
[1651.00 - 1653.00] I
[1653.00 - 1655.00] I
[1655.00 - 1657.00] I
[1657.00 - 1659.00] I
[1659.00 - 1661.00] I
[1661.00 - 1663.00] I
[1663.00 - 1665.00] I
[1665.00 - 1667.00] I
[1667.00 - 1669.00] I
[1669.00 - 1671.00] I
[1671.00 - 1673.00] I
[1673.00 - 1675.00] I
[1675.00 - 1677.00] I
[1677.00 - 1679.00] I
[1679.00 - 1681.00] I
[1681.00 - 1683.00] I
[1683.00 - 1685.00] I
[1685.00 - 1687.00] I
[1687.00 - 1689.00] I
[1689.00 - 1691.00] I
[1691.00 - 1693.00] I
[1693.00 - 1695.00] I
[1695.00 - 1697.00] I
[1697.00 - 1699.00] I
[1699.00 - 1701.00] I
[1701.00 - 1703.00] I
[1703.00 - 1705.00] I
[1705.00 - 1707.00] I
[1707.00 - 1709.00] I
[1709.00 - 1711.00] I
[1711.00 - 1713.00] I
[1713.00 - 1715.00] I
[1715.00 - 1717.00] I
[1717.00 - 1719.00] I
[1719.00 - 1721.00] I
[1721.00 - 1723.00] I
[1723.00 - 1725.00] I
[1725.00 - 1727.00] I
[1727.00 - 1729.00] I
[1729.00 - 1731.00] I
[1733.00 - 1735.00] I
[1735.00 - 1737.00] I
[1737.00 - 1739.00] I
[1739.00 - 1741.00] I
[1741.00 - 1743.00] I
[1743.00 - 1745.00] I
[1745.00 - 1747.00] I
[1747.00 - 1749.00] I
[1749.00 - 1751.00] I
[1751.00 - 1753.00] I
[1753.00 - 1755.00] I
[1755.00 - 1757.00] I
[1757.00 - 1759.00] I
[1759.00 - 1761.00] I
[1761.00 - 1763.00] I
[1763.00 - 1765.00] I
[1765.00 - 1767.00] I
[1767.00 - 1769.00] I
[1769.00 - 1771.00] I
[1771.00 - 1773.00] I
[1773.00 - 1775.00] I
[1775.00 - 1777.00] I
[1777.00 - 1779.00] I
[1779.00 - 1781.00] I
[1781.00 - 1783.00] I
[1783.00 - 1785.00] I
[1785.00 - 1787.00] I
[1787.00 - 1789.00] I
[1789.00 - 1791.00] I
[1791.00 - 1793.00] I
[1793.00 - 1795.00] I
[1795.00 - 1797.00] I
[1797.00 - 1799.00] I
[1799.00 - 1801.00] I
[1801.00 - 1803.00] I
[1803.00 - 1805.00] I
[1805.00 - 1807.00] I
[1807.00 - 1809.00] I
[1809.00 - 1811.00] I
[1811.00 - 1813.00] I
[1813.00 - 1815.00] I
[1815.00 - 1817.00] I
[1817.00 - 1819.00] I
[1819.00 - 1821.00] I
[1821.00 - 1823.00] I
[1823.00 - 1825.00] I
[1825.00 - 1827.00] I
[1827.00 - 1829.00] I
[1829.00 - 1831.00] I
[1831.00 - 1833.00] I
[1833.00 - 1835.00] I
[1835.00 - 1837.00] I
[1837.00 - 1839.00] I
[1839.00 - 1841.00] I
[1841.00 - 1843.00] I
[1843.00 - 1845.00] I
[1845.00 - 1847.00] I
[1847.00 - 1849.00] I
[1849.00 - 1851.00] I
[1851.00 - 1853.00] I
[1853.00 - 1855.00] I
[1855.00 - 1857.00] I
[1857.00 - 1859.00] I
[1859.00 - 1861.00] I
[1861.00 - 1863.00] I
[1863.00 - 1865.00] I
[1865.00 - 1867.00] I
[1869.00 - 1871.00] I
[1871.00 - 1873.00] I
[1873.00 - 1875.00] I
[1875.00 - 1877.00] I
[1877.00 - 1879.00] I
[1879.00 - 1881.00] I
[1881.00 - 1883.00] I
[1883.00 - 1885.00] I
[1885.00 - 1887.00] I
[1887.00 - 1889.00] I
[1889.00 - 1891.00] I
[1891.00 - 1893.00] I
[1893.00 - 1895.00] I
[1895.00 - 1897.00] I
[1897.00 - 1899.00] I
[1899.00 - 1901.00] I
[1901.00 - 1903.00] I
[1903.00 - 1905.00] I
[1905.00 - 1907.00] I
[1907.00 - 1909.00] I
[1909.00 - 1911.00] I
[1911.00 - 1913.00] I
[1913.00 - 1915.00] I
[1915.00 - 1917.00] I
[1917.00 - 1919.00] I
[1919.00 - 1921.00] I
[1921.00 - 1923.00] I
[1923.00 - 1925.00] I
[1925.00 - 1927.00] I
[1927.00 - 1929.00] I
[1929.00 - 1931.00] I
[1931.00 - 1933.00] I
[1933.00 - 1935.00] I
[1935.00 - 1937.00] I
[1937.00 - 1939.00] I
[1939.00 - 1941.00] I
[1941.00 - 1943.00] I
[1943.00 - 1945.00] I
[1945.00 - 1947.00] I
[1947.00 - 1949.00] I
[1951.00 - 1953.00] I
[1953.00 - 1955.00] I
[1955.00 - 1957.00] I
[1957.00 - 1959.00] I
[1959.00 - 1961.00] I
[1961.00 - 1963.00] I
[1963.00 - 1965.00] I
[1965.00 - 1967.00] I
[1967.00 - 1969.00] I
[1969.00 - 1971.00] I
[1971.00 - 1973.00] I
[1973.00 - 1975.00] I
[1975.00 - 1977.00] I
[1977.00 - 1979.00] I
[1979.00 - 1981.00] I
[1981.00 - 1983.00] I
[1983.00 - 1985.00] I
[1985.00 - 1987.00] I
[1987.00 - 1989.00] I
[1989.00 - 1991.00] I
[1991.00 - 1993.00] I
[1993.00 - 1995.00] I
[1995.00 - 1997.00] I
[1997.00 - 1999.00] I
[1999.00 - 2001.00] I
[2001.00 - 2003.00] I
[2003.00 - 2005.00] I
[2005.00 - 2007.00] I
[2007.00 - 2009.00] I
[2009.00 - 2011.00] I
[2011.00 - 2013.00] I
[2013.00 - 2015.00] I
[2015.00 - 2017.00] I
[2017.00 - 2019.00] I
[2019.00 - 2021.00] I
[2021.00 - 2023.00] I
[2023.00 - 2025.00] I
[2025.00 - 2027.00] I
[2027.00 - 2029.00] I
[2029.00 - 2031.00] I
[2031.00 - 2033.00] I
[2033.00 - 2035.00] I
[2035.00 - 2037.00] I
[2037.00 - 2039.00] I
[2039.00 - 2041.00] I
[2041.00 - 2043.00] I
[2043.00 - 2045.00] I
[2045.00 - 2047.00] I
[2047.00 - 2049.00] I
[2049.00 - 2051.00] I
[2051.00 - 2053.00] I
[2053.00 - 2055.00] I
[2055.00 - 2057.00] I
[2057.00 - 2059.00] I
[2059.00 - 2061.00] I
[2061.00 - 2063.00] I
[2063.00 - 2065.00] I
[2065.00 - 2067.00] I
[2067.00 - 2069.00] I
[2069.00 - 2071.00] I
[2071.00 - 2073.00] I
[2073.00 - 2075.00] I
[2075.00 - 2077.00] I
[2077.00 - 2079.00] I
[2079.00 - 2081.00] I
[2081.00 - 2083.00] I
[2085.00 - 2087.00] I
[2087.00 - 2089.00] I
[2089.00 - 2091.00] I
[2091.00 - 2093.00] I
[2093.00 - 2095.00] I
[2095.00 - 2097.00] I
[2097.00 - 2099.00] I
[2099.00 - 2101.00] I
[2101.00 - 2103.00] I
[2103.00 - 2105.00] I
[2105.00 - 2107.00] I
[2107.00 - 2109.00] I
[2109.00 - 2111.00] I
[2113.00 - 2115.00] I
[2115.00 - 2117.00] I
[2117.00 - 2119.00] I
[2119.00 - 2121.00] I
[2121.00 - 2123.00] I
[2123.00 - 2125.00] I
[2125.00 - 2127.00] I
[2127.00 - 2129.00] I
[2129.00 - 2131.00] I
[2131.00 - 2133.00] I
[2133.00 - 2135.00] I
[2135.00 - 2137.00] I
[2137.00 - 2139.00] I
[2139.00 - 2141.00] I
[2141.00 - 2143.00] I
[2143.00 - 2145.00] I
[2145.00 - 2147.00] I
[2147.00 - 2149.00] I
[2149.00 - 2151.00] I
[2151.00 - 2153.00] I
[2153.00 - 2155.00] I
[2155.00 - 2157.00] I
[2157.00 - 2159.00] I
[2159.00 - 2161.00] I
[2161.00 - 2163.00] I
[2163.00 - 2165.00] I
[2165.00 - 2167.00] I
[2167.00 - 2169.00] I
[2169.00 - 2171.00] I
[2171.00 - 2173.00] I
[2173.00 - 2175.00] I
[2175.00 - 2177.00] I
[2177.00 - 2179.00] I
[2179.00 - 2181.00] I
[2181.00 - 2183.00] I
[2183.00 - 2185.00] I
[2185.00 - 2187.00] I
[2187.00 - 2189.00] I
[2189.00 - 2191.00] I
[2193.00 - 2195.00] I
[2195.00 - 2197.00] I
[2197.00 - 2199.00] I
[2199.00 - 2201.00] I
[2201.00 - 2203.00] I
[2203.00 - 2205.00] I
[2205.00 - 2207.00] I
[2207.00 - 2209.00] I
[2209.00 - 2211.00] I
[2211.00 - 2213.00] I
[2213.00 - 2215.00] I
[2215.00 - 2217.00] I
[2217.00 - 2219.00] I
[2219.00 - 2221.00] I
[2221.00 - 2223.00] I
[2223.00 - 2225.00] I
[2225.00 - 2227.00] I
[2227.00 - 2229.00] I
[2229.00 - 2231.00] I
[2231.00 - 2233.00] I
[2233.00 - 2235.00] I
[2235.00 - 2237.00] I
[2237.00 - 2239.00] I
[2241.00 - 2243.00] I
[2243.00 - 2245.00] I
[2245.00 - 2247.00] I
[2249.00 - 2251.00] I
[2251.00 - 2253.00] I
[2253.00 - 2255.00] I
[2255.00 - 2257.00] I
[2257.00 - 2259.00] I
[2259.00 - 2261.00] I
[2261.00 - 2263.00] I
[2263.00 - 2265.00] I
[2265.00 - 2267.00] I
[2267.00 - 2269.00] I
[2269.00 - 2271.00] I
[2271.00 - 2273.00] I
[2273.00 - 2275.00] I
[2275.00 - 2277.00] I
[2277.00 - 2279.00] I
[2279.00 - 2281.00] I
[2281.00 - 2283.00] I
[2283.00 - 2285.00] I
[2285.00 - 2287.00] I
[2287.00 - 2289.00] I
[2289.00 - 2291.00] I
[2291.00 - 2293.00] I
[2293.00 - 2295.00] I
[2295.00 - 2297.00] I
[2297.00 - 2299.00] I
[2299.00 - 2301.00] I
[2301.00 - 2303.00] I
[2303.00 - 2305.00] I
[2305.00 - 2307.00] I
[2307.00 - 2309.00] I
[2309.00 - 2311.00] I
[2311.00 - 2313.00] I
[2313.00 - 2315.00] I
[2315.00 - 2317.00] I
[2317.00 - 2319.00] I
[2319.00 - 2321.00] I
[2321.00 - 2323.00] I
[2323.00 - 2325.00] I
[2325.00 - 2327.00] I
[2327.00 - 2329.00] I
[2329.00 - 2331.00] I
[2331.00 - 2333.00] I
[2333.00 - 2335.00] I
[2335.00 - 2337.00] I
[2337.00 - 2339.00] I
[2339.00 - 2341.00] I
[2341.00 - 2343.00] I
[2343.00 - 2345.00] I
[2345.00 - 2347.00] I
[2347.00 - 2349.00] I
[2349.00 - 2351.00] I
[2351.00 - 2353.00] I
[2353.00 - 2355.00] I
[2355.00 - 2357.00] I
[2357.00 - 2359.00] I
[2359.00 - 2361.00] I
[2361.00 - 2363.00] I
[2363.00 - 2365.00] I
[2365.00 - 2367.00] I
[2367.00 - 2369.00] I
[2369.00 - 2371.00] I
[2371.00 - 2373.00] I
[2373.00 - 2375.00] I
[2375.00 - 2377.00] I
[2377.00 - 2379.00] I
[2379.00 - 2381.00] I
[2381.00 - 2383.00] I
[2385.00 - 2387.00] I
[2387.00 - 2389.00] I
[2389.00 - 2391.00] I
[2391.00 - 2393.00] I
[2393.00 - 2395.00] I
[2395.00 - 2397.00] I
[2397.00 - 2399.00] I
[2399.00 - 2401.00] I
[2401.00 - 2403.00] I
[2403.00 - 2405.00] I
[2405.00 - 2407.00] I
[2407.00 - 2409.00] I
[2409.00 - 2411.00] I
[2411.00 - 2413.00] I
[2413.00 - 2415.00] I
[2415.00 - 2417.00] I
[2417.00 - 2419.00] I
[2419.00 - 2421.00] I
[2421.00 - 2423.00] I
[2423.00 - 2425.00] I
[2425.00 - 2427.00] I
[2427.00 - 2429.00] I
[2429.00 - 2431.00] I
[2431.00 - 2433.00] I
[2433.00 - 2435.00] I
[2435.00 - 2437.00] I
[2437.00 - 2439.00] I
[2439.00 - 2441.00] I
[2441.00 - 2443.00] I
[2443.00 - 2445.00] I
[2445.00 - 2447.00] I
[2447.00 - 2449.00] I
[2449.00 - 2451.00] I
[2451.00 - 2453.00] I
[2453.00 - 2455.00] I
[2455.00 - 2457.00] I
[2457.00 - 2459.00] I
[2459.00 - 2461.00] I
[2461.00 - 2463.00] I
[2463.00 - 2465.00] I
[2465.00 - 2467.00] I
[2467.00 - 2469.00] I
[2469.00 - 2471.00] I
[2471.00 - 2473.00] I
[2473.00 - 2475.00] I
[2475.00 - 2477.00] I
[2477.00 - 2479.00] I
[2479.00 - 2481.00] I
[2481.00 - 2483.00] I
[2483.00 - 2485.00] I
[2485.00 - 2487.00] I
[2489.00 - 2491.00] I
[2491.00 - 2493.00] I
[2493.00 - 2495.00] I
[2495.00 - 2497.00] I
[2497.00 - 2499.00] I
[2499.00 - 2501.00] I
[2501.00 - 2503.00] I
[2503.00 - 2505.00] I
[2505.00 - 2507.00] I
[2507.00 - 2509.00] I
[2509.00 - 2511.00] I
[2511.00 - 2513.00] I
[2513.00 - 2515.00] I
[2515.00 - 2517.00] I
[2517.00 - 2519.00] I
[2519.00 - 2521.00] I
[2521.00 - 2523.00] I
[2523.00 - 2525.00] I
[2525.00 - 2527.00] I
[2527.00 - 2529.00] I
[2529.00 - 2531.00] I
[2531.00 - 2533.00] I
[2533.00 - 2535.00] I
[2535.00 - 2537.00] I
[2537.00 - 2539.00] I
[2539.00 - 2541.00] I
[2541.00 - 2543.00] I
[2543.00 - 2545.00] I
[2545.00 - 2547.00] I
[2547.00 - 2549.00] I
[2549.00 - 2551.00] I
[2551.00 - 2553.00] I
[2553.00 - 2555.00] I
[2555.00 - 2557.00] I
[2557.00 - 2559.00] I
[2559.00 - 2561.00] I
[2561.00 - 2563.00] I
[2563.00 - 2565.00] I
[2565.00 - 2567.00] I
[2569.00 - 2571.00] I
[2571.00 - 2573.00] I
[2573.00 - 2575.00] I
[2575.00 - 2577.00] I
[2577.00 - 2579.00] I
[2579.00 - 2581.00] I
[2581.00 - 2583.00] I
[2583.00 - 2585.00] I
[2585.00 - 2587.00] I
[2587.00 - 2589.00] I
[2589.00 - 2591.00] I
[2591.00 - 2593.00] I
[2593.00 - 2595.00] I
[2595.00 - 2597.00] I
[2597.00 - 2599.00] I
[2599.00 - 2601.00] I
[2601.00 - 2603.00] I
[2603.00 - 2605.00] I
[2605.00 - 2607.00] I
[2607.00 - 2609.00] I
[2609.00 - 2611.00] I
[2611.00 - 2613.00] I
[2613.00 - 2615.00] I
[2615.00 - 2617.00] I
[2617.00 - 2619.00] I
[2619.00 - 2621.00] I
[2621.00 - 2623.00] I
[2623.00 - 2625.00] I
[2625.00 - 2627.00] I
[2627.00 - 2629.00] I
[2629.00 - 2631.00] I
[2631.00 - 2633.00] I
[2633.00 - 2635.00] I
[2635.00 - 2637.00] I
[2637.00 - 2639.00] I
[2639.00 - 2641.00] I
[2641.00 - 2643.00] I
[2643.00 - 2645.00] I
